<?xml version="1.0" encoding="UTF-8"?>
<!-- Generated by org.testng.reporters.JUnitXMLReporter -->
<testsuite ignored="31" hostname="COG-WIN-MAC03" failures="7" tests="123" name="TestName" time="8549.16" errors="0" timestamp="2023-06-20T22:46:25 IST">
  <testcase classname="utils.WebTestBase" name="@BeforeClass setUp" time="22.191">
    <failure type="org.openqa.selenium.WebDriverException" message="Timed out waiting for driver server to start.
Build info: version: &amp;apos;3.141.59&amp;apos;, revision: &amp;apos;e82be7d358&amp;apos;, time: &amp;apos;2018-11-14T08:17:03&amp;apos;
System info: host: &amp;apos;COG-WIN-MAC03&amp;apos;, ip: &amp;apos;192.168.0.159&amp;apos;, os.name: &amp;apos;Windows 10&amp;apos;, os.arch: &amp;apos;amd64&amp;apos;, os.version: &amp;apos;10.0&amp;apos;, java.version: &amp;apos;17.0.2&amp;apos;
Driver info: driver.version: ChromeDriver">
      <![CDATA[org.openqa.selenium.WebDriverException: Timed out waiting for driver server to start.
Build info: version: '3.141.59', revision: 'e82be7d358', time: '2018-11-14T08:17:03'
System info: host: 'COG-WIN-MAC03', ip: '192.168.0.159', os.name: 'Windows 10', os.arch: 'amd64', os.version: '10.0', java.version: '17.0.2'
Driver info: driver.version: ChromeDriver
at org.openqa.selenium.remote.service.DriverService.waitUntilAvailable(DriverService.java:202)
at org.openqa.selenium.remote.service.DriverService.start(DriverService.java:188)
at org.openqa.selenium.remote.service.DriverCommandExecutor.execute(DriverCommandExecutor.java:79)
at org.openqa.selenium.remote.RemoteWebDriver.execute(RemoteWebDriver.java:552)
at org.openqa.selenium.remote.RemoteWebDriver.startSession(RemoteWebDriver.java:213)
at org.openqa.selenium.remote.RemoteWebDriver.<init>(RemoteWebDriver.java:131)
at org.openqa.selenium.chrome.ChromeDriver.<init>(ChromeDriver.java:181)
at org.openqa.selenium.chrome.ChromeDriver.<init>(ChromeDriver.java:168)
at org.openqa.selenium.chrome.ChromeDriver.<init>(ChromeDriver.java:157)
at utils.Drivers.getWebDriver(Drivers.java:59)
at utils.WebTestBase.setUp(WebTestBase.java:51)
at java.base/java.util.ArrayList.forEach(ArrayList.java:1511)
Caused by: org.openqa.selenium.net.UrlChecker$TimeoutException: Timed out waiting for [http://localhost:23931/status] to be available after 20015 ms
at org.openqa.selenium.net.UrlChecker.waitUntilAvailable(UrlChecker.java:100)
at org.openqa.selenium.remote.service.DriverService.waitUntilAvailable(DriverService.java:197)
... 36 more
Caused by: java.util.concurrent.TimeoutException
at java.base/java.util.concurrent.FutureTask.get(FutureTask.java:204)
at com.google.common.util.concurrent.SimpleTimeLimiter.callWithTimeout(SimpleTimeLimiter.java:156)
at org.openqa.selenium.net.UrlChecker.waitUntilAvailable(UrlChecker.java:75)
... 37 more
... Removed 25 stack frames]]>
    </failure>
  </testcase> <!-- @BeforeClass setUp -->
  <testcase classname="utils.WebTestBase" name="@BeforeMethod beforeMethod" time="-1.687276872652E9">
    <skipped/>
  </testcase> <!-- @BeforeMethod beforeMethod -->
  <testcase classname="utils.WebTestBase" name="@AfterMethod reportWrapUp" time="0.0">
    <failure type="java.lang.NullPointerException" message="Cannot invoke &amp;quot;org.openqa.selenium.TakesScreenshot.getScreenshotAs(org.openqa.selenium.OutputType)&amp;quot; because &amp;quot;this.driver&amp;quot; is null">
      <![CDATA[java.lang.NullPointerException: Cannot invoke "org.openqa.selenium.TakesScreenshot.getScreenshotAs(org.openqa.selenium.OutputType)" because "this.driver" is null
at utils.WebTestBase.reportWrapUp(WebTestBase.java:70)
at java.base/java.util.ArrayList.forEach(ArrayList.java:1511)
... Removed 31 stack frames]]>
    </failure>
  </testcase> <!-- @AfterMethod reportWrapUp -->
  <testcase classname="utils.WebTestBase" name="@BeforeMethod beforeMethod" time="-1.68727687286E9">
    <skipped/>
  </testcase> <!-- @BeforeMethod beforeMethod -->
  <testcase classname="utils.WebTestBase" name="@AfterMethod reportWrapUp" time="0.001">
    <failure type="java.lang.NullPointerException" message="Cannot invoke &amp;quot;org.openqa.selenium.TakesScreenshot.getScreenshotAs(org.openqa.selenium.OutputType)&amp;quot; because &amp;quot;this.driver&amp;quot; is null">
      <![CDATA[java.lang.NullPointerException: Cannot invoke "org.openqa.selenium.TakesScreenshot.getScreenshotAs(org.openqa.selenium.OutputType)" because "this.driver" is null
at utils.WebTestBase.reportWrapUp(WebTestBase.java:70)
at java.base/java.util.ArrayList.forEach(ArrayList.java:1511)
... Removed 31 stack frames]]>
    </failure>
  </testcase> <!-- @AfterMethod reportWrapUp -->
  <testcase classname="utils.WebTestBase" name="@AfterClass closeBrowser" time="0.0">
    <failure type="java.lang.NullPointerException" message="Cannot invoke &amp;quot;org.openqa.selenium.WebDriver.quit()&amp;quot; because &amp;quot;this.driver&amp;quot; is null">
      <![CDATA[java.lang.NullPointerException: Cannot invoke "org.openqa.selenium.WebDriver.quit()" because "this.driver" is null
at utils.WebTestBase.closeBrowser(WebTestBase.java:86)
at java.base/java.util.ArrayList.forEach(ArrayList.java:1511)
... Removed 25 stack frames]]>
    </failure>
  </testcase> <!-- @AfterClass closeBrowser -->
  <testcase classname="utils.WebTestBase" name="@BeforeClass setUp" time="91.275">
    <failure type="org.openqa.selenium.WebDriverException" message="unknown error: DevToolsActivePort file doesn&amp;apos;t exist
Build info: version: &amp;apos;3.141.59&amp;apos;, revision: &amp;apos;e82be7d358&amp;apos;, time: &amp;apos;2018-11-14T08:17:03&amp;apos;
System info: host: &amp;apos;COG-WIN-MAC03&amp;apos;, ip: &amp;apos;192.168.0.159&amp;apos;, os.name: &amp;apos;Windows 10&amp;apos;, os.arch: &amp;apos;amd64&amp;apos;, os.version: &amp;apos;10.0&amp;apos;, java.version: &amp;apos;17.0.2&amp;apos;
Driver info: driver.version: ChromeDriver
remote stacktrace: Backtrace:
	GetHandleVerifier [0x0091A813+48355]
	(No symbol) [0x008AC4B1]
	(No symbol) [0x007B5358]
	(No symbol) [0x007D5714]
	(No symbol) [0x007D1DA1]
	(No symbol) [0x007D0579]
	(No symbol) [0x00800C55]
	(No symbol) [0x0080093C]
	(No symbol) [0x007FA536]
	(No symbol) [0x007D82DC]
	(No symbol) [0x007D93DD]
	GetHandleVerifier [0x00B7AABD+2539405]
	GetHandleVerifier [0x00BBA78F+2800735]
	GetHandleVerifier [0x00BB456C+2775612]
	GetHandleVerifier [0x009A51E0+616112]
	(No symbol) [0x008B5F8C]
	(No symbol) [0x008B2328]
	(No symbol) [0x008B240B]
	(No symbol) [0x008A4FF7]
	BaseThreadInitThunk [0x776100C9+25]
	RtlGetAppContainerNamedObjectPath [0x77C07B4E+286]
	RtlGetAppContainerNamedObjectPath [0x77C07B1E+238]
">
      <![CDATA[org.openqa.selenium.WebDriverException: unknown error: DevToolsActivePort file doesn't exist
Build info: version: '3.141.59', revision: 'e82be7d358', time: '2018-11-14T08:17:03'
System info: host: 'COG-WIN-MAC03', ip: '192.168.0.159', os.name: 'Windows 10', os.arch: 'amd64', os.version: '10.0', java.version: '17.0.2'
Driver info: driver.version: ChromeDriver
remote stacktrace: Backtrace:
GetHandleVerifier [0x0091A813+48355]
(No symbol) [0x008AC4B1]
(No symbol) [0x007B5358]
(No symbol) [0x007D5714]
(No symbol) [0x007D1DA1]
(No symbol) [0x007D0579]
(No symbol) [0x00800C55]
(No symbol) [0x0080093C]
(No symbol) [0x007FA536]
(No symbol) [0x007D82DC]
(No symbol) [0x007D93DD]
GetHandleVerifier [0x00B7AABD+2539405]
GetHandleVerifier [0x00BBA78F+2800735]
GetHandleVerifier [0x00BB456C+2775612]
GetHandleVerifier [0x009A51E0+616112]
(No symbol) [0x008B5F8C]
(No symbol) [0x008B2328]
(No symbol) [0x008B240B]
(No symbol) [0x008A4FF7]
BaseThreadInitThunk [0x776100C9+25]
RtlGetAppContainerNamedObjectPath [0x77C07B4E+286]
RtlGetAppContainerNamedObjectPath [0x77C07B1E+238]

at org.openqa.selenium.remote.W3CHandshakeResponse.lambda$errorHandler$0(W3CHandshakeResponse.java:62)
at org.openqa.selenium.remote.HandshakeResponse.lambda$getResponseFunction$0(HandshakeResponse.java:30)
at org.openqa.selenium.remote.ProtocolHandshake.lambda$createSession$0(ProtocolHandshake.java:126)
at java.base/java.util.stream.ReferencePipeline$3$1.accept(ReferencePipeline.java:197)
at java.base/java.util.Spliterators$ArraySpliterator.tryAdvance(Spliterators.java:1002)
at java.base/java.util.stream.ReferencePipeline.forEachWithCancel(ReferencePipeline.java:129)
at java.base/java.util.stream.AbstractPipeline.copyIntoWithCancel(AbstractPipeline.java:527)
at java.base/java.util.stream.AbstractPipeline.copyInto(AbstractPipeline.java:513)
at java.base/java.util.stream.AbstractPipeline.wrapAndCopyInto(AbstractPipeline.java:499)
at java.base/java.util.stream.FindOps$FindOp.evaluateSequential(FindOps.java:150)
at java.base/java.util.stream.AbstractPipeline.evaluate(AbstractPipeline.java:234)
at java.base/java.util.stream.ReferencePipeline.findFirst(ReferencePipeline.java:647)
at org.openqa.selenium.remote.ProtocolHandshake.createSession(ProtocolHandshake.java:128)
at org.openqa.selenium.remote.ProtocolHandshake.createSession(ProtocolHandshake.java:74)
at org.openqa.selenium.remote.HttpCommandExecutor.execute(HttpCommandExecutor.java:136)
at org.openqa.selenium.remote.service.DriverCommandExecutor.execute(DriverCommandExecutor.java:83)
at org.openqa.selenium.remote.RemoteWebDriver.execute(RemoteWebDriver.java:552)
at org.openqa.selenium.remote.RemoteWebDriver.startSession(RemoteWebDriver.java:213)
at org.openqa.selenium.remote.RemoteWebDriver.<init>(RemoteWebDriver.java:131)
at org.openqa.selenium.chrome.ChromeDriver.<init>(ChromeDriver.java:181)
at org.openqa.selenium.chrome.ChromeDriver.<init>(ChromeDriver.java:168)
at org.openqa.selenium.chrome.ChromeDriver.<init>(ChromeDriver.java:157)
at utils.Drivers.getWebDriver(Drivers.java:59)
at utils.WebTestBase.setUp(WebTestBase.java:51)
at java.base/java.util.ArrayList.forEach(ArrayList.java:1511)
... Removed 30 stack frames]]>
    </failure>
  </testcase> <!-- @BeforeClass setUp -->
  <testcase classname="utils.WebTestBase" name="@BeforeMethod beforeMethod" time="-1.687276964144E9">
    <skipped/>
  </testcase> <!-- @BeforeMethod beforeMethod -->
  <testcase classname="utils.WebTestBase" name="@AfterMethod reportWrapUp" time="0.002">
    <failure type="java.lang.NullPointerException" message="Cannot invoke &amp;quot;org.openqa.selenium.TakesScreenshot.getScreenshotAs(org.openqa.selenium.OutputType)&amp;quot; because &amp;quot;this.driver&amp;quot; is null">
      <![CDATA[java.lang.NullPointerException: Cannot invoke "org.openqa.selenium.TakesScreenshot.getScreenshotAs(org.openqa.selenium.OutputType)" because "this.driver" is null
at utils.WebTestBase.reportWrapUp(WebTestBase.java:70)
at java.base/java.util.ArrayList.forEach(ArrayList.java:1511)
... Removed 31 stack frames]]>
    </failure>
  </testcase> <!-- @AfterMethod reportWrapUp -->
  <testcase classname="utils.WebTestBase" name="@BeforeMethod beforeMethod" time="-1.687276964154E9">
    <skipped/>
  </testcase> <!-- @BeforeMethod beforeMethod -->
  <testcase classname="utils.WebTestBase" name="@AfterMethod reportWrapUp" time="0.0">
    <failure type="java.lang.NullPointerException" message="Cannot invoke &amp;quot;org.openqa.selenium.TakesScreenshot.getScreenshotAs(org.openqa.selenium.OutputType)&amp;quot; because &amp;quot;this.driver&amp;quot; is null">
      <![CDATA[java.lang.NullPointerException: Cannot invoke "org.openqa.selenium.TakesScreenshot.getScreenshotAs(org.openqa.selenium.OutputType)" because "this.driver" is null
at utils.WebTestBase.reportWrapUp(WebTestBase.java:70)
at java.base/java.util.ArrayList.forEach(ArrayList.java:1511)
... Removed 31 stack frames]]>
    </failure>
  </testcase> <!-- @AfterMethod reportWrapUp -->
  <testcase classname="utils.WebTestBase" name="@BeforeMethod beforeMethod" time="-1.68727696416E9">
    <skipped/>
  </testcase> <!-- @BeforeMethod beforeMethod -->
  <testcase classname="utils.WebTestBase" name="@AfterMethod reportWrapUp" time="0.0">
    <failure type="java.lang.NullPointerException" message="Cannot invoke &amp;quot;org.openqa.selenium.TakesScreenshot.getScreenshotAs(org.openqa.selenium.OutputType)&amp;quot; because &amp;quot;this.driver&amp;quot; is null">
      <![CDATA[java.lang.NullPointerException: Cannot invoke "org.openqa.selenium.TakesScreenshot.getScreenshotAs(org.openqa.selenium.OutputType)" because "this.driver" is null
at utils.WebTestBase.reportWrapUp(WebTestBase.java:70)
at java.base/java.util.ArrayList.forEach(ArrayList.java:1511)
... Removed 31 stack frames]]>
    </failure>
  </testcase> <!-- @AfterMethod reportWrapUp -->
  <testcase classname="utils.WebTestBase" name="@BeforeMethod beforeMethod" time="-1.687276964169E9">
    <skipped/>
  </testcase> <!-- @BeforeMethod beforeMethod -->
  <testcase classname="utils.WebTestBase" name="@AfterMethod reportWrapUp" time="0.001">
    <failure type="java.lang.NullPointerException" message="Cannot invoke &amp;quot;org.openqa.selenium.TakesScreenshot.getScreenshotAs(org.openqa.selenium.OutputType)&amp;quot; because &amp;quot;this.driver&amp;quot; is null">
      <![CDATA[java.lang.NullPointerException: Cannot invoke "org.openqa.selenium.TakesScreenshot.getScreenshotAs(org.openqa.selenium.OutputType)" because "this.driver" is null
at utils.WebTestBase.reportWrapUp(WebTestBase.java:70)
at java.base/java.util.ArrayList.forEach(ArrayList.java:1511)
... Removed 31 stack frames]]>
    </failure>
  </testcase> <!-- @AfterMethod reportWrapUp -->
  <testcase classname="utils.WebTestBase" name="@AfterClass closeBrowser" time="0.001">
    <failure type="java.lang.NullPointerException" message="Cannot invoke &amp;quot;org.openqa.selenium.WebDriver.quit()&amp;quot; because &amp;quot;this.driver&amp;quot; is null">
      <![CDATA[java.lang.NullPointerException: Cannot invoke "org.openqa.selenium.WebDriver.quit()" because "this.driver" is null
at utils.WebTestBase.closeBrowser(WebTestBase.java:86)
at java.base/java.util.ArrayList.forEach(ArrayList.java:1511)
... Removed 25 stack frames]]>
    </failure>
  </testcase> <!-- @AfterClass closeBrowser -->
  <testcase classname="utils.WebTestBase" name="@BeforeClass setUp" time="20.573">
    <failure type="org.openqa.selenium.WebDriverException" message="Timed out waiting for driver server to start.
Build info: version: &amp;apos;3.141.59&amp;apos;, revision: &amp;apos;e82be7d358&amp;apos;, time: &amp;apos;2018-11-14T08:17:03&amp;apos;
System info: host: &amp;apos;COG-WIN-MAC03&amp;apos;, ip: &amp;apos;192.168.0.159&amp;apos;, os.name: &amp;apos;Windows 10&amp;apos;, os.arch: &amp;apos;amd64&amp;apos;, os.version: &amp;apos;10.0&amp;apos;, java.version: &amp;apos;17.0.2&amp;apos;
Driver info: driver.version: ChromeDriver">
      <![CDATA[org.openqa.selenium.WebDriverException: Timed out waiting for driver server to start.
Build info: version: '3.141.59', revision: 'e82be7d358', time: '2018-11-14T08:17:03'
System info: host: 'COG-WIN-MAC03', ip: '192.168.0.159', os.name: 'Windows 10', os.arch: 'amd64', os.version: '10.0', java.version: '17.0.2'
Driver info: driver.version: ChromeDriver
at org.openqa.selenium.remote.service.DriverService.waitUntilAvailable(DriverService.java:202)
at org.openqa.selenium.remote.service.DriverService.start(DriverService.java:188)
at org.openqa.selenium.remote.service.DriverCommandExecutor.execute(DriverCommandExecutor.java:79)
at org.openqa.selenium.remote.RemoteWebDriver.execute(RemoteWebDriver.java:552)
at org.openqa.selenium.remote.RemoteWebDriver.startSession(RemoteWebDriver.java:213)
at org.openqa.selenium.remote.RemoteWebDriver.<init>(RemoteWebDriver.java:131)
at org.openqa.selenium.chrome.ChromeDriver.<init>(ChromeDriver.java:181)
at org.openqa.selenium.chrome.ChromeDriver.<init>(ChromeDriver.java:168)
at org.openqa.selenium.chrome.ChromeDriver.<init>(ChromeDriver.java:157)
at utils.Drivers.getWebDriver(Drivers.java:59)
at utils.WebTestBase.setUp(WebTestBase.java:51)
at java.base/java.util.ArrayList.forEach(ArrayList.java:1511)
Caused by: org.openqa.selenium.net.UrlChecker$TimeoutException: Timed out waiting for [http://localhost:33750/status] to be available after 20002 ms
at org.openqa.selenium.net.UrlChecker.waitUntilAvailable(UrlChecker.java:100)
at org.openqa.selenium.remote.service.DriverService.waitUntilAvailable(DriverService.java:197)
... 35 more
Caused by: java.util.concurrent.TimeoutException
at java.base/java.util.concurrent.FutureTask.get(FutureTask.java:204)
at com.google.common.util.concurrent.SimpleTimeLimiter.callWithTimeout(SimpleTimeLimiter.java:156)
at org.openqa.selenium.net.UrlChecker.waitUntilAvailable(UrlChecker.java:75)
... 36 more
... Removed 24 stack frames]]>
    </failure>
  </testcase> <!-- @BeforeClass setUp -->
  <testcase classname="utils.WebTestBase" name="@BeforeMethod beforeMethod" time="-1.687278879314E9">
    <skipped/>
  </testcase> <!-- @BeforeMethod beforeMethod -->
  <testcase classname="utils.WebTestBase" name="@AfterMethod reportWrapUp" time="0.001">
    <failure type="java.lang.NullPointerException" message="Cannot invoke &amp;quot;org.openqa.selenium.TakesScreenshot.getScreenshotAs(org.openqa.selenium.OutputType)&amp;quot; because &amp;quot;this.driver&amp;quot; is null">
      <![CDATA[java.lang.NullPointerException: Cannot invoke "org.openqa.selenium.TakesScreenshot.getScreenshotAs(org.openqa.selenium.OutputType)" because "this.driver" is null
at utils.WebTestBase.reportWrapUp(WebTestBase.java:70)
at java.base/java.util.ArrayList.forEach(ArrayList.java:1511)
... Removed 31 stack frames]]>
    </failure>
  </testcase> <!-- @AfterMethod reportWrapUp -->
  <testcase classname="utils.WebTestBase" name="@BeforeMethod beforeMethod" time="-1.687278879323E9">
    <skipped/>
  </testcase> <!-- @BeforeMethod beforeMethod -->
  <testcase classname="utils.WebTestBase" name="@AfterMethod reportWrapUp" time="0.001">
    <failure type="java.lang.NullPointerException" message="Cannot invoke &amp;quot;org.openqa.selenium.TakesScreenshot.getScreenshotAs(org.openqa.selenium.OutputType)&amp;quot; because &amp;quot;this.driver&amp;quot; is null">
      <![CDATA[java.lang.NullPointerException: Cannot invoke "org.openqa.selenium.TakesScreenshot.getScreenshotAs(org.openqa.selenium.OutputType)" because "this.driver" is null
at utils.WebTestBase.reportWrapUp(WebTestBase.java:70)
at java.base/java.util.ArrayList.forEach(ArrayList.java:1511)
... Removed 31 stack frames]]>
    </failure>
  </testcase> <!-- @AfterMethod reportWrapUp -->
  <testcase classname="utils.WebTestBase" name="@BeforeMethod beforeMethod" time="-1.687278879333E9">
    <skipped/>
  </testcase> <!-- @BeforeMethod beforeMethod -->
  <testcase classname="utils.WebTestBase" name="@AfterMethod reportWrapUp" time="0.002">
    <failure type="java.lang.NullPointerException" message="Cannot invoke &amp;quot;org.openqa.selenium.TakesScreenshot.getScreenshotAs(org.openqa.selenium.OutputType)&amp;quot; because &amp;quot;this.driver&amp;quot; is null">
      <![CDATA[java.lang.NullPointerException: Cannot invoke "org.openqa.selenium.TakesScreenshot.getScreenshotAs(org.openqa.selenium.OutputType)" because "this.driver" is null
at utils.WebTestBase.reportWrapUp(WebTestBase.java:70)
at java.base/java.util.ArrayList.forEach(ArrayList.java:1511)
... Removed 31 stack frames]]>
    </failure>
  </testcase> <!-- @AfterMethod reportWrapUp -->
  <testcase classname="utils.WebTestBase" name="@BeforeMethod beforeMethod" time="-1.687278879343E9">
    <skipped/>
  </testcase> <!-- @BeforeMethod beforeMethod -->
  <testcase classname="utils.WebTestBase" name="@AfterMethod reportWrapUp" time="0.001">
    <failure type="java.lang.NullPointerException" message="Cannot invoke &amp;quot;org.openqa.selenium.TakesScreenshot.getScreenshotAs(org.openqa.selenium.OutputType)&amp;quot; because &amp;quot;this.driver&amp;quot; is null">
      <![CDATA[java.lang.NullPointerException: Cannot invoke "org.openqa.selenium.TakesScreenshot.getScreenshotAs(org.openqa.selenium.OutputType)" because "this.driver" is null
at utils.WebTestBase.reportWrapUp(WebTestBase.java:70)
at java.base/java.util.ArrayList.forEach(ArrayList.java:1511)
... Removed 31 stack frames]]>
    </failure>
  </testcase> <!-- @AfterMethod reportWrapUp -->
  <testcase classname="utils.WebTestBase" name="@AfterClass closeBrowser" time="0.001">
    <failure type="java.lang.NullPointerException" message="Cannot invoke &amp;quot;org.openqa.selenium.WebDriver.quit()&amp;quot; because &amp;quot;this.driver&amp;quot; is null">
      <![CDATA[java.lang.NullPointerException: Cannot invoke "org.openqa.selenium.WebDriver.quit()" because "this.driver" is null
at utils.WebTestBase.closeBrowser(WebTestBase.java:86)
at java.base/java.util.ArrayList.forEach(ArrayList.java:1511)
... Removed 24 stack frames]]>
    </failure>
  </testcase> <!-- @AfterClass closeBrowser -->
  <testcase classname="testcases.Announcement" name="ValidationCheck" time="33.816"/>
  <testcase classname="testcases.Announcement" name="AddSearchDeleteAnnouncement" time="69.896"/>
  <testcase classname="testcases.Break" name="AddBreakValidationCheck" time="38.129"/>
  <testcase classname="testcases.Break" name="AddBreak" time="49.659"/>
  <testcase classname="testcases.Break" name="SearchBreak" time="52.971"/>
  <testcase classname="testcases.Break" name="EditBreak" time="59.161"/>
  <testcase classname="testcases.Break" name="ActiveInActiveDelete" time="77.142"/>
  <testcase classname="testcases.CannedReply" name="ValidationCheck" time="47.996"/>
  <testcase classname="testcases.CannedReply" name="AddCannedReply" time="66.714"/>
  <testcase classname="testcases.CannedReply" name="SearchActiveInactiveDeleteCannedReply" time="66.904"/>
  <testcase classname="testcases.Category" name="addCategoryValidationCheck" time="33.944"/>
  <testcase classname="testcases.Category" name="addCategory" time="44.569"/>
  <testcase classname="testcases.Category" name="editCategory" time="54.791"/>
  <testcase classname="testcases.Category" name="CategoryListing" time="96.975"/>
  <testcase classname="testcases.Channel" name="validationCheck" time="37.333"/>
  <testcase classname="testcases.Channel" name="addChannel" time="47.41"/>
  <testcase classname="testcases.Channel" name="editChannel" time="61.311"/>
  <testcase classname="testcases.Channel" name="channellisting" time="82.302"/>
  <testcase classname="testcases.CompanyHolidays" name="ValidationCheck" time="42.285"/>
  <testcase classname="testcases.CompanyHolidays" name="AddCompanyHolidayFullDay" time="67.144"/>
  <testcase classname="testcases.CompanyHolidays" name="ActiveInactiveSearch" time="77.993">
    <failure type="java.lang.AssertionError" message="java.lang.NullPointerException: Cannot invoke &amp;quot;org.openqa.selenium.WebElement.clear()&amp;quot; because &amp;quot;element&amp;quot; is null">
      <![CDATA[java.lang.AssertionError: java.lang.NullPointerException: Cannot invoke "org.openqa.selenium.WebElement.clear()" because "element" is null
at utils.WebBasePage.enter(WebBasePage.java:81)
at pageobjects.CompanyHolidaysPage.EntertextSearchHoliday(CompanyHolidaysPage.java:367)
at Action.CompanyHolidaysAction.SearchHoliday(CompanyHolidaysAction.java:51)
at testcases.CompanyHolidays.ActiveInactiveSearch(CompanyHolidays.java:43)
at java.base/java.util.ArrayList.forEach(ArrayList.java:1511)
... Removed 28 stack frames]]>
    </failure>
  </testcase> <!-- ActiveInactiveSearch -->
  <testcase classname="testcases.CompanyNotification" name="mainMultiCheckboxVerification" time="60.681"/>
  <testcase classname="testcases.CompanyNotification" name="moduleWiseCheckverification" time="232.86"/>
  <testcase classname="testcases.ContactType" name="validationCheck" time="35.034"/>
  <testcase classname="testcases.ContactType" name="addContactType" time="48.15"/>
  <testcase classname="testcases.ContactType" name="editContactType" time="56.344"/>
  <testcase classname="testcases.ContactType" name="contactTypeListing" time="132.665"/>
  <testcase classname="testcases.CRMRoleTitle" name="validationCheck" time="84.285"/>
  <testcase classname="testcases.CRMRoleTitle" name="addCRMRoleTitlePage" time="52.649"/>
  <testcase classname="testcases.CRMRoleTitle" name="editCRMRoleTitlePage" time="64.845"/>
  <testcase classname="testcases.CRMRoleTitle" name="CRMRoleTitleStatusModificationAndValidation" time="94.756"/>
  <testcase classname="testcases.CurrencyManagement" name="currencyValidationCheck" time="103.926">
    <failure type="java.lang.AssertionError" message="Save Button -  element not clickable">
      <![CDATA[java.lang.AssertionError: Save Button -  element not clickable
at utils.WebBasePage.click(WebBasePage.java:119)
at pageobjects.CurrencyManagementPage.saveButton(CurrencyManagementPage.java:66)
at Action.CurrencyManagementAction.validationMessages(CurrencyManagementAction.java:48)
at testcases.CurrencyManagement.currencyValidationCheck(CurrencyManagement.java:28)
at java.base/java.util.ArrayList.forEach(ArrayList.java:1511)
... Removed 28 stack frames]]>
    </failure>
  </testcase> <!-- currencyValidationCheck -->
  <testcase classname="testcases.CurrencyManagement" name="SourcecurrencyDuplicateValidation" time="110.762">
    <failure type="java.lang.AssertionError" message="Click Select -  element not clickable">
      <![CDATA[java.lang.AssertionError: Click Select -  element not clickable
at utils.WebBasePage.click(WebBasePage.java:119)
at pageobjects.CurrencyManagementPage.alreadySelectedCurrencyValidation(CurrencyManagementPage.java:242)
at Action.CurrencyManagementAction.alreadySelectedSourceValidation(CurrencyManagementAction.java:59)
at testcases.CurrencyManagement.SourcecurrencyDuplicateValidation(CurrencyManagement.java:46)
at java.base/java.util.ArrayList.forEach(ArrayList.java:1511)
... Removed 28 stack frames]]>
    </failure>
  </testcase> <!-- SourcecurrencyDuplicateValidation -->
  <testcase classname="testcases.CurrencyManagement" name="BasecurrencyDuplicateValidation" time="85.162">
    <failure type="java.lang.AssertionError" message="java.lang.NullPointerException: Cannot invoke &amp;quot;org.openqa.selenium.WebElement.getText()&amp;quot; because &amp;quot;ele&amp;quot; is null">
      <![CDATA[java.lang.AssertionError: java.lang.NullPointerException: Cannot invoke "org.openqa.selenium.WebElement.getText()" because "ele" is null
at utils.WebBasePage.getText(WebBasePage.java:289)
at pageobjects.CurrencyManagementPage.alreadySelectedBaseValidation(CurrencyManagementPage.java:289)
at Action.CurrencyManagementAction.alreadySelectedBaseValidation(CurrencyManagementAction.java:67)
at testcases.CurrencyManagement.BasecurrencyDuplicateValidation(CurrencyManagement.java:62)
at java.base/java.util.ArrayList.forEach(ArrayList.java:1511)
... Removed 28 stack frames]]>
    </failure>
  </testcase> <!-- BasecurrencyDuplicateValidation -->
  <testcase classname="testcases.CurrencyManagement" name="addNewCurrencyAndDelete" time="48.66">
    <failure type="java.lang.AssertionError" message="Save Button -  element not clickable">
      <![CDATA[java.lang.AssertionError: Save Button -  element not clickable
at utils.WebBasePage.click(WebBasePage.java:119)
at pageobjects.CurrencyManagementPage.saveButton(CurrencyManagementPage.java:66)
at pageobjects.CurrencyManagementPage.enterSourceAndRate(CurrencyManagementPage.java:348)
at Action.CurrencyManagementAction.addCurrencyAndDelete(CurrencyManagementAction.java:74)
at testcases.CurrencyManagement.addNewCurrencyAndDelete(CurrencyManagement.java:74)
at java.base/java.util.ArrayList.forEach(ArrayList.java:1511)
... Removed 28 stack frames]]>
    </failure>
  </testcase> <!-- addNewCurrencyAndDelete -->
  <testcase classname="testcases.Department" name="addDepartmentValidationCheck" time="39.336"/>
  <testcase classname="testcases.Department" name="addDepartment" time="59.162"/>
  <testcase classname="testcases.Department" name="editDepartment" time="53.993"/>
  <testcase classname="testcases.Department" name="departmentListing" time="78.641"/>
  <testcase classname="testcases.Designation" name="addDesignationValidationCheck" time="42.016"/>
  <testcase classname="testcases.Designation" name="addDesignation" time="57.208"/>
  <testcase classname="testcases.Designation" name="editDesignation" time="83.346"/>
  <testcase classname="testcases.Designation" name="designationListing" time="59.444">
    <failure type="java.lang.AssertionError" message="java.lang.NullPointerException: Cannot invoke &amp;quot;org.openqa.selenium.WebElement.clear()&amp;quot; because &amp;quot;element&amp;quot; is null">
      <![CDATA[java.lang.AssertionError: java.lang.NullPointerException: Cannot invoke "org.openqa.selenium.WebElement.clear()" because "element" is null
at utils.WebBasePage.enter(WebBasePage.java:81)
at pageobjects.UserLoginPage.enterUserName(UserLoginPage.java:37)
at pageobjects.UserLoginPage.forcefulLogOutLogin(UserLoginPage.java:83)
at Action.LoginAction.logoutLogin(LoginAction.java:25)
at testcases.Designation.designationListing(Designation.java:57)
at java.base/java.util.ArrayList.forEach(ArrayList.java:1511)
... Removed 28 stack frames]]>
    </failure>
  </testcase> <!-- designationListing -->
  <testcase classname="testcases.Emailtemplate" name="validationCheck" time="95.828"/>
  <testcase classname="testcases.Emailtemplate" name="addEmailTemplate" time="56.191"/>
  <testcase classname="testcases.Emailtemplate" name="editEmailTemplate" time="64.369"/>
  <testcase classname="testcases.Emailtemplate" name="emailTemplateListing" time="97.478"/>
  <testcase classname="testcases.Emailtemplate" name="addAdvancedEmailTemplate" time="79.474"/>
  <testcase classname="testcases.Emailtemplate" name="addEmailTemplateCatogeryAsGreeting" time="86.115"/>
  <testcase classname="testcases.Feedback" name="validationCheck" time="85.206"/>
  <testcase classname="testcases.Feedback" name="addFeedback" time="108.245"/>
  <testcase classname="testcases.Feedback" name="editFeedback" time="74.197"/>
  <testcase classname="testcases.Feedback" name="feedbacklisting" time="86.263"/>
  <testcase classname="testcases.Feedback" name="deleteAlltickets" time="57.197"/>
  <testcase classname="testcases.Greeting" name="validationCheck" time="0.0">
    <skipped/>
  </testcase> <!-- validationCheck -->
  <testcase classname="testcases.Greeting" name="addGreeting" time="0.0">
    <skipped/>
  </testcase> <!-- addGreeting -->
  <testcase classname="testcases.IndustryType" name="addIndustryTypeValidation" time="0.0">
    <skipped/>
  </testcase> <!-- addIndustryTypeValidation -->
  <testcase classname="testcases.IndustryType" name="addIndustryType" time="0.0">
    <skipped/>
  </testcase> <!-- addIndustryType -->
  <testcase classname="testcases.IndustryType" name="editIndustryType" time="0.0">
    <skipped/>
  </testcase> <!-- editIndustryType -->
  <testcase classname="testcases.IndustryType" name="IndustryTypeListing" time="0.0">
    <skipped/>
  </testcase> <!-- IndustryTypeListing -->
  <testcase classname="testcases.PaymentGateway" name="addPaymentGatewayValidation" time="51.107"/>
  <testcase classname="testcases.PaymentGateway" name="addPaymentGateway" time="73.595"/>
  <testcase classname="testcases.PaymentGateway" name="editPaymentGateway" time="66.468"/>
  <testcase classname="testcases.PaymentGateway" name="PaymentGatewayListing" time="42.678"/>
  <testcase classname="testcases.Phase" name="validationCheck" time="42.19"/>
  <testcase classname="testcases.Phase" name="addPhase" time="49.863"/>
  <testcase classname="testcases.Phase" name="editPhase" time="68.183"/>
  <testcase classname="testcases.Phase" name="phaseListing" time="82.824">
    <failure type="java.lang.AssertionError" message="java.lang.NullPointerException: Cannot invoke &amp;quot;org.openqa.selenium.WebElement.clear()&amp;quot; because &amp;quot;element&amp;quot; is null">
      <![CDATA[java.lang.AssertionError: java.lang.NullPointerException: Cannot invoke "org.openqa.selenium.WebElement.clear()" because "element" is null
at utils.WebBasePage.enter(WebBasePage.java:81)
at pageobjects.UserLoginPage.enterUserName(UserLoginPage.java:37)
at pageobjects.UserLoginPage.forcefulLogOutLogin(UserLoginPage.java:83)
at Action.LoginAction.logoutLogin(LoginAction.java:25)
at testcases.Phase.phaseListing(Phase.java:53)
at java.base/java.util.ArrayList.forEach(ArrayList.java:1511)
... Removed 28 stack frames]]>
    </failure>
  </testcase> <!-- phaseListing -->
  <testcase classname="testcases.Priority" name="validationCheck" time="38.564"/>
  <testcase classname="testcases.Priority" name="addPriority" time="50.366"/>
  <testcase classname="testcases.Priority" name="editPriority" time="63.858"/>
  <testcase classname="testcases.Priority" name="priorityListing" time="79.998"/>
  <testcase classname="testcases.Question" name="validationCheck" time="37.722"/>
  <testcase classname="testcases.Question" name="addQuestion" time="52.524"/>
  <testcase classname="testcases.Question" name="editQuestion" time="65.459"/>
  <testcase classname="testcases.Question" name="priorityListing" time="89.147"/>
  <testcase classname="testcases.ReviewTemplate" name="validationCheck" time="40.287"/>
  <testcase classname="testcases.ReviewTemplate" name="addReviewTemplate" time="55.201"/>
  <testcase classname="testcases.ReviewTemplate" name="editReviewTemplate" time="69.625"/>
  <testcase classname="testcases.ReviewTemplate" name="ReviewTemplateStatusModificationAndValidation" time="107.171"/>
  <testcase classname="testcases.Service" name="validationCheck" time="42.405"/>
  <testcase classname="testcases.Service" name="addService" time="51.778"/>
  <testcase classname="testcases.Service" name="editService" time="64.776"/>
  <testcase classname="testcases.Service" name="ServiceListing" time="79.506"/>
  <testcase classname="testcases.Shift" name="validationCheck" time="38.904"/>
  <testcase classname="testcases.Shift" name="addShiftFexible" time="77.286"/>
  <testcase classname="testcases.Shift" name="editShiftFexible" time="75.791"/>
  <testcase classname="testcases.Shift" name="ServiceListing" time="88.25"/>
  <testcase classname="testcases.Skill" name="validationCheck" time="0.0">
    <skipped/>
  </testcase> <!-- validationCheck -->
  <testcase classname="testcases.Skill" name="addSkill" time="0.0">
    <skipped/>
  </testcase> <!-- addSkill -->
  <testcase classname="testcases.Skill" name="EditSkill" time="0.0">
    <skipped/>
  </testcase> <!-- EditSkill -->
  <testcase classname="testcases.Skill" name="SkillListing" time="0.0">
    <skipped/>
  </testcase> <!-- SkillListing -->
  <testcase classname="testcases.Stage" name="validationCheck" time="49.559"/>
  <testcase classname="testcases.Stage" name="addStage" time="106.754"/>
  <testcase classname="testcases.Stage" name="EditStage" time="67.384"/>
  <testcase classname="testcases.Stage" name="StageListing" time="76.71"/>
  <testcase classname="testcases.Status" name="validationCheck" time="44.885"/>
  <testcase classname="testcases.Status" name="addStatus" time="70.353"/>
  <testcase classname="testcases.Status" name="EditStatus" time="66.007"/>
  <testcase classname="testcases.Status" name="StatusListing" time="86.442"/>
  <testcase classname="testcases.TaxAndDiscount" name="ValidationCheck" time="58.549"/>
  <testcase classname="testcases.TaxAndDiscount" name="AddTaxAndDiscount" time="68.795"/>
  <testcase classname="testcases.TaxAndDiscount" name="ActiveAndINactive" time="48.795"/>
  <testcase classname="testcases.TemplateMapping" name="addTemplateMappingValidation" time="42.367"/>
  <testcase classname="testcases.TemplateMapping" name="addTemplateMapping" time="86.209"/>
  <testcase classname="testcases.TemplateMapping" name="TrainingFeedbacklisting" time="104.239"/>
  <testcase classname="testcases.TrainingFeedback" name="addFeedbackValidationCheck" time="80.905"/>
  <testcase classname="testcases.TrainingFeedback" name="addTrainingFeedback" time="66.115"/>
  <testcase classname="testcases.TrainingFeedback" name="editTrainingFeedback" time="77.892"/>
  <testcase classname="testcases.TrainingFeedback" name="TrainingFeedbacklisting" time="94.259"/>
  <testcase classname="testcases.Trip" name="validationCheck" time="41.911"/>
  <testcase classname="testcases.Trip" name="addTrip" time="49.885"/>
  <testcase classname="testcases.Trip" name="EditTrip" time="75.505"/>
  <testcase classname="testcases.Trip" name="TripListing" time="84.198"/>
  <testcase classname="testcases.UserTitle" name="validationCheck" time="37.608"/>
  <testcase classname="testcases.UserTitle" name="addUserTitle" time="56.917"/>
  <testcase classname="testcases.UserTitle" name="EditUserTitle" time="80.898"/>
  <testcase classname="testcases.UserTitle" name="StageListing" time="88.924"/>
  <testcase classname="testcases.Venue" name="addVenueValidationCheck" time="69.564"/>
  <testcase classname="testcases.Venue" name="addVenue" time="58.463"/>
  <testcase classname="testcases.Venue" name="editVenue" time="101.987"/>
  <testcase classname="testcases.Venue" name="addLayout" time="87.731"/>
  <testcase classname="testcases.Venue" name="deleteVenue" time="56.943"/>
  <testcase classname="utils.WebTestBase" name="@AfterSuite close" time="0.0">
    <ignored/>
  </testcase> <!-- @AfterSuite close -->
  <testcase classname="utils.WebTestBase" name="@AfterSuite close" time="0.0">
    <ignored/>
  </testcase> <!-- @AfterSuite close -->
  <testcase classname="utils.WebTestBase" name="@AfterSuite close" time="0.0">
    <ignored/>
  </testcase> <!-- @AfterSuite close -->
  <testcase classname="utils.WebTestBase" name="@AfterSuite close" time="0.0">
    <ignored/>
  </testcase> <!-- @AfterSuite close -->
  <testcase classname="utils.WebTestBase" name="@AfterSuite close" time="0.0">
    <ignored/>
  </testcase> <!-- @AfterSuite close -->
  <testcase classname="utils.WebTestBase" name="@AfterSuite close" time="0.0">
    <ignored/>
  </testcase> <!-- @AfterSuite close -->
  <testcase classname="utils.WebTestBase" name="@AfterSuite close" time="0.0">
    <ignored/>
  </testcase> <!-- @AfterSuite close -->
  <testcase classname="utils.WebTestBase" name="@AfterSuite close" time="0.0">
    <ignored/>
  </testcase> <!-- @AfterSuite close -->
  <testcase classname="utils.WebTestBase" name="@AfterSuite close" time="0.0">
    <ignored/>
  </testcase> <!-- @AfterSuite close -->
  <testcase classname="utils.WebTestBase" name="@AfterSuite close" time="0.0">
    <ignored/>
  </testcase> <!-- @AfterSuite close -->
  <testcase classname="utils.WebTestBase" name="@AfterSuite close" time="0.0">
    <ignored/>
  </testcase> <!-- @AfterSuite close -->
  <testcase classname="utils.WebTestBase" name="@AfterSuite close" time="0.0">
    <ignored/>
  </testcase> <!-- @AfterSuite close -->
  <testcase classname="utils.WebTestBase" name="@AfterSuite close" time="0.0">
    <ignored/>
  </testcase> <!-- @AfterSuite close -->
  <testcase classname="utils.WebTestBase" name="@AfterSuite close" time="0.0">
    <ignored/>
  </testcase> <!-- @AfterSuite close -->
  <testcase classname="utils.WebTestBase" name="@AfterSuite close" time="0.0">
    <ignored/>
  </testcase> <!-- @AfterSuite close -->
  <testcase classname="utils.WebTestBase" name="@AfterSuite close" time="0.0">
    <ignored/>
  </testcase> <!-- @AfterSuite close -->
  <testcase classname="utils.WebTestBase" name="@AfterSuite close" time="0.0">
    <ignored/>
  </testcase> <!-- @AfterSuite close -->
  <testcase classname="utils.WebTestBase" name="@AfterSuite close" time="0.0">
    <ignored/>
  </testcase> <!-- @AfterSuite close -->
  <testcase classname="utils.WebTestBase" name="@AfterSuite close" time="0.0">
    <ignored/>
  </testcase> <!-- @AfterSuite close -->
  <testcase classname="utils.WebTestBase" name="@AfterSuite close" time="0.0">
    <ignored/>
  </testcase> <!-- @AfterSuite close -->
  <testcase classname="utils.WebTestBase" name="@AfterSuite close" time="0.0">
    <ignored/>
  </testcase> <!-- @AfterSuite close -->
  <testcase classname="utils.WebTestBase" name="@AfterSuite close" time="0.0">
    <ignored/>
  </testcase> <!-- @AfterSuite close -->
  <testcase classname="utils.WebTestBase" name="@AfterSuite close" time="0.0">
    <ignored/>
  </testcase> <!-- @AfterSuite close -->
  <testcase classname="utils.WebTestBase" name="@AfterSuite close" time="0.0">
    <ignored/>
  </testcase> <!-- @AfterSuite close -->
  <testcase classname="utils.WebTestBase" name="@AfterSuite close" time="0.0">
    <ignored/>
  </testcase> <!-- @AfterSuite close -->
  <testcase classname="utils.WebTestBase" name="@AfterSuite close" time="0.0">
    <ignored/>
  </testcase> <!-- @AfterSuite close -->
  <testcase classname="utils.WebTestBase" name="@AfterSuite close" time="0.0">
    <ignored/>
  </testcase> <!-- @AfterSuite close -->
  <testcase classname="utils.WebTestBase" name="@AfterSuite close" time="0.0">
    <ignored/>
  </testcase> <!-- @AfterSuite close -->
  <testcase classname="utils.WebTestBase" name="@AfterSuite close" time="0.0">
    <ignored/>
  </testcase> <!-- @AfterSuite close -->
  <testcase classname="utils.WebTestBase" name="@AfterSuite close" time="0.0">
    <ignored/>
  </testcase> <!-- @AfterSuite close -->
  <testcase classname="utils.WebTestBase" name="@AfterSuite close" time="0.0">
    <ignored/>
  </testcase> <!-- @AfterSuite close -->
</testsuite> <!-- TestName -->
